<?xml version="1.0" encoding="UTF-8"?>
<testsuite xmlns:xsi="http://www.w3.org/2001/XMLSchema-instance" xsi:noNamespaceSchemaLocation="https://maven.apache.org/surefire/maven-surefire-plugin/xsd/surefire-test-report-3.0.xsd" version="3.0" name="ec.edu.epn.CalculatorTest" time="0.023" tests="5" errors="0" skipped="0" failures="0">
  <properties>
[...]
</properties>
  <testcase name="testDivideByZero" classname="ec.edu.epn.CalculatorTest" time="0.004"/>
  <testcase name="testSum" classname="ec.edu.epn.CalculatorTest" time="0.003"/>
  <testcase name="testSubtract" classname="ec.edu.epn.CalculatorTest" time="0.003"/>
  <testcase name="testDivide" classname="ec.edu.epn.CalculatorTest" time="0.002"/>
  <testcase name="testMultiply" classname="ec.edu.epn.CalculatorTest" time="0.001"/>
</testsuite>